12/03/2010 10:33:42 Scheduler has been started by Dsmcad.
12/03/2010 10:33:42 TSM Backup-Archive Client Version 6, Release 1, Level 3.0   
12/03/2010 10:33:42 Querying server for next scheduled event.
12/03/2010 10:33:42 Node Name: CHM018.EDUC.PSU.EDU
12/03/2010 10:33:42 ANS2050E TSM needs to prompt for the password but cannot prompt  because the process is running in the background.
12/03/2010 10:33:42 ANS2050E TSM needs to prompt for the password but cannot prompt  because the process is running in the background.
12/03/2010 10:33:42 ANS1029E Communication with the  TSM server is lost.
12/03/2010 10:33:42 Scheduler has been stopped.

12/03/2010 10:43:52 Scheduler has been started by Dsmcad.
12/03/2010 10:43:52 TSM Backup-Archive Client Version 6, Release 1, Level 3.0   
12/03/2010 10:43:52 Querying server for next scheduled event.
12/03/2010 10:43:52 Node Name: CHM018.EDUC.PSU.EDU
12/03/2010 10:43:52 ANS2050E TSM needs to prompt for the password but cannot prompt  because the process is running in the background.
12/03/2010 10:43:52 ANS2050E TSM needs to prompt for the password but cannot prompt  because the process is running in the background.
12/03/2010 10:43:52 ANS1029E Communication with the  TSM server is lost.
12/03/2010 10:43:52 Scheduler has been stopped.

12/03/2010 10:54:02 Scheduler has been started by Dsmcad.
12/03/2010 10:54:02 TSM Backup-Archive Client Version 6, Release 1, Level 3.0   
12/03/2010 10:54:02 Querying server for next scheduled event.
12/03/2010 10:54:02 Node Name: CHM018.EDUC.PSU.EDU
12/03/2010 10:54:02 ANS2050E TSM needs to prompt for the password but cannot prompt  because the process is running in the background.
12/03/2010 10:54:02 ANS2050E TSM needs to prompt for the password but cannot prompt  because the process is running in the background.
12/03/2010 10:54:02 ANS1029E Communication with the  TSM server is lost.
12/03/2010 10:54:02 Scheduler has been stopped.

12/03/2010 11:04:12 Scheduler has been started by Dsmcad.
12/03/2010 11:04:12 TSM Backup-Archive Client Version 6, Release 1, Level 3.0   
12/03/2010 11:04:12 Querying server for next scheduled event.
12/03/2010 11:04:12 Node Name: CHM018.EDUC.PSU.EDU
12/03/2010 11:04:12 ANS2050E TSM needs to prompt for the password but cannot prompt  because the process is running in the background.
12/03/2010 11:04:12 ANS2050E TSM needs to prompt for the password but cannot prompt  because the process is running in the background.
12/03/2010 11:04:12 ANS1029E Communication with the  TSM server is lost.
12/03/2010 11:04:12 Scheduler has been stopped.

12/03/2010 11:14:22 Scheduler has been started by Dsmcad.
12/03/2010 11:14:22 TSM Backup-Archive Client Version 6, Release 1, Level 3.0   
12/03/2010 11:14:22 Querying server for next scheduled event.
12/03/2010 11:14:22 Node Name: CHM018.EDUC.PSU.EDU
12/03/2010 11:14:22 ANS2050E TSM needs to prompt for the password but cannot prompt  because the process is running in the background.
12/03/2010 11:14:22 ANS2050E TSM needs to prompt for the password but cannot prompt  because the process is running in the background.
12/03/2010 11:14:22 ANS1029E Communication with the  TSM server is lost.
12/03/2010 11:14:22 Scheduler has been stopped.

